<?xml version="1.0" encoding="UTF-8"?>
<!-- Generated by org.testng.reporters.JUnitReportReporter -->
<testsuite hostname="DESKTOP-O1GBETH" failures="0" tests="2" name="pageObjectFactory.EroomrentOparationPerform" time="10.122" errors="0" timestamp="2023-09-11T12:15:31 IST" skipped="0">
  <testcase classname="pageObjectFactory.EroomrentOparationPerform" name="enter_RegDetails" time="3.128"/>
  <testcase classname="pageObjectFactory.EroomrentOparationPerform" name="enter_loginDetails" time="6.994"/>
</testsuite> <!-- pageObjectFactory.EroomrentOparationPerform -->
