<?xml version="1.0" encoding="UTF-8"?>
<!-- Generated by org.testng.reporters.JUnitReportReporter -->
<testsuite hostname="DESKTOP-O1GBETH" failures="0" tests="2" name="pageObjectModel.EroomrentPerformOparation" time="12.565" errors="0" timestamp="2023-09-02T15:50:29 IST" skipped="0">
  <testcase classname="pageObjectModel.EroomrentPerformOparation" name="enter_RegDetails" time="4.305"/>
  <testcase classname="pageObjectModel.EroomrentPerformOparation" name="enter_loginDetails" time="8.260"/>
</testsuite> <!-- pageObjectModel.EroomrentPerformOparation -->
