<?xml version="1.0" encoding="UTF-8"?>
<!-- Generated by org.testng.reporters.JUnitReportReporter -->
<testsuite hostname="DESKTOP-O1GBETH" failures="0" tests="2" name="pageObjectModel.Manageoparation" time="21.845" errors="0" timestamp="2023-09-02T15:47:57 IST" skipped="0">
  <testcase classname="pageObjectModel.Manageoparation" name="navigate_to_homepage_click_on_getstarted" time="19.536"/>
  <testcase classname="pageObjectModel.Manageoparation" name="enter_userDetails" time="2.309"/>
</testsuite> <!-- pageObjectModel.Manageoparation -->
