<?xml version="1.0" encoding="UTF-8"?>
<!-- Generated by org.testng.reporters.JUnitReportReporter -->
<testsuite hostname="DESKTOP-O1GBETH" failures="0" tests="4" name="pageObjectFactory.AclearCaroparation" time="47.039" errors="0" timestamp="2023-09-13T14:02:06 IST" skipped="0">
  <testcase classname="pageObjectFactory.AclearCaroparation" name="Searchcab" time="18.031"/>
  <testcase classname="pageObjectFactory.AclearCaroparation" name="searchcab2" time="11.247"/>
  <testcase classname="pageObjectFactory.AclearCaroparation" name="serachcab3" time="16.798"/>
  <testcase classname="pageObjectFactory.AclearCaroparation" name="searchcab4" time="0.963"/>
</testsuite> <!-- pageObjectFactory.AclearCaroparation -->
